


ARM Macro Assembler    Page 1 


    1 00000000         ;/******************************************************
                       ********************//**
    2 00000000         ; * @file     startup_LPC17xx.s
    3 00000000         ; * @brief    CMSIS Cortex-M3 Core Device Startup File f
                       or
    4 00000000         ; *           NXP LPC17xx Device Series
    5 00000000         ; * @version  V1.10
    6 00000000         ; * @date     06. April 2011
    7 00000000         ; *
    8 00000000         ; * @note
    9 00000000         ; * Copyright (C) 2009-2011 ARM Limited. All rights rese
                       rved.
   10 00000000         ; *
   11 00000000         ; * @par
   12 00000000         ; * ARM Limited (ARM) is supplying this software for use
                        with Cortex-M
   13 00000000         ; * processor based microcontrollers.  This file can be 
                       freely distributed
   14 00000000         ; * within development tools that are supporting such AR
                       M based processors.
   15 00000000         ; *
   16 00000000         ; * @par
   17 00000000         ; * THIS SOFTWARE IS PROVIDED "AS IS".  NO WARRANTIES, W
                       HETHER EXPRESS, IMPLIED
   18 00000000         ; * OR STATUTORY, INCLUDING, BUT NOT LIMITED TO, IMPLIED
                        WARRANTIES OF
   19 00000000         ; * MERCHANTABILITY AND FITNESS FOR A PARTICULAR PURPOSE
                        APPLY TO THIS SOFTWARE.
   20 00000000         ; * ARM SHALL NOT, IN ANY CIRCUMSTANCES, BE LIABLE FOR S
                       PECIAL, INCIDENTAL, OR
   21 00000000         ; * CONSEQUENTIAL DAMAGES, FOR ANY REASON WHATSOEVER.
   22 00000000         ; *
   23 00000000         ; ******************************************************
                       ************************/
   24 00000000         
   25 00000000         ; *------- <<< Use Configuration Wizard in Context Menu 
                       >>> ------------------
   26 00000000         
   27 00000000         ; <h> Stack Configuration
   28 00000000         ;   <o> Stack Size (in Bytes) <0x0-0xFFFFFFFF:8>
   29 00000000         ; </h>
   30 00000000         
   31 00000000 00000200 
                       Stack_Size
                               EQU              0x00000200
   32 00000000         
   33 00000000                 AREA             STACK, NOINIT, READWRITE, ALIGN
=3
   34 00000000         Stack_Mem
                               SPACE            Stack_Size
   35 00000200         __initial_sp
   36 00000200         
   37 00000200         
   38 00000200         ; <h> Heap Configuration
   39 00000200         ;   <o>  Heap Size (in Bytes) <0x0-0xFFFFFFFF:8>
   40 00000200         ; </h>
   41 00000200         
   42 00000200 00000000 
                       Heap_Size



ARM Macro Assembler    Page 2 


                               EQU              0x00000000
   43 00000200         
   44 00000200                 AREA             HEAP, NOINIT, READWRITE, ALIGN=
3
   45 00000000         __heap_base
   46 00000000         Heap_Mem
                               SPACE            Heap_Size
   47 00000000         __heap_limit
   48 00000000         
   49 00000000         
   50 00000000                 PRESERVE8
   51 00000000                 THUMB
   52 00000000         
   53 00000000         
   54 00000000         ; Vector Table Mapped to Address 0 at Reset
   55 00000000         
   56 00000000                 AREA             RESET, DATA, READONLY
   57 00000000                 EXPORT           __Vectors
   58 00000000         
   59 00000000 00000000 
                       __Vectors
                               DCD              __initial_sp ; Top of Stack
   60 00000004 00000000        DCD              Reset_Handler ; Reset Handler
   61 00000008 00000000        DCD              NMI_Handler ; NMI Handler
   62 0000000C 00000000        DCD              HardFault_Handler ; Hard Fault 
                                                            Handler
   63 00000010 00000000        DCD              MemManage_Handler 
                                                            ; MPU Fault Handler
                                                            
   64 00000014 00000000        DCD              BusFault_Handler 
                                                            ; Bus Fault Handler
                                                            
   65 00000018 00000000        DCD              UsageFault_Handler ; Usage Faul
                                                            t Handler
   66 0000001C 00000000        DCD              0           ; Reserved
   67 00000020 00000000        DCD              0           ; Reserved
   68 00000024 00000000        DCD              0           ; Reserved
   69 00000028 00000000        DCD              0           ; Reserved
   70 0000002C 00000000        DCD              SVC_Handler ; SVCall Handler
   71 00000030 00000000        DCD              DebugMon_Handler ; Debug Monito
                                                            r Handler
   72 00000034 00000000        DCD              0           ; Reserved
   73 00000038 00000000        DCD              PendSV_Handler ; PendSV Handler
                                                            
   74 0000003C 00000000        DCD              SysTick_Handler 
                                                            ; SysTick Handler
   75 00000040         
   76 00000040         ; External Interrupts
   77 00000040 00000000        DCD              WDT_IRQHandler ; 16: Watchdog T
                                                            imer
   78 00000044 00000000        DCD              TIMER0_IRQHandler ; 17: Timer0
   79 00000048 00000000        DCD              TIMER1_IRQHandler ; 18: Timer1
   80 0000004C 00000000        DCD              TIMER2_IRQHandler ; 19: Timer2
   81 00000050 00000000        DCD              TIMER3_IRQHandler ; 20: Timer3
   82 00000054 00000000        DCD              UART0_IRQHandler ; 21: UART0
   83 00000058 00000000        DCD              UART1_IRQHandler ; 22: UART1
   84 0000005C 00000000        DCD              UART2_IRQHandler ; 23: UART2
   85 00000060 00000000        DCD              UART3_IRQHandler ; 24: UART3
   86 00000064 00000000        DCD              PWM1_IRQHandler ; 25: PWM1



ARM Macro Assembler    Page 3 


   87 00000068 00000000        DCD              I2C0_IRQHandler ; 26: I2C0
   88 0000006C 00000000        DCD              I2C1_IRQHandler ; 27: I2C1
   89 00000070 00000000        DCD              I2C2_IRQHandler ; 28: I2C2
   90 00000074 00000000        DCD              SPI_IRQHandler ; 29: SPI
   91 00000078 00000000        DCD              SSP0_IRQHandler ; 30: SSP0
   92 0000007C 00000000        DCD              SSP1_IRQHandler ; 31: SSP1
   93 00000080 00000000        DCD              PLL0_IRQHandler ; 32: PLL0 Lock
                                                             (Main PLL)
   94 00000084 00000000        DCD              RTC_IRQHandler ; 33: Real Time 
                                                            Clock
   95 00000088 00000000        DCD              EINT0_IRQHandler ; 34: External
                                                             Interrupt 0
   96 0000008C 00000000        DCD              EINT1_IRQHandler ; 35: External
                                                             Interrupt 1
   97 00000090 00000000        DCD              EINT2_IRQHandler ; 36: External
                                                             Interrupt 2
   98 00000094 00000000        DCD              EINT3_IRQHandler ; 37: External
                                                             Interrupt 3
   99 00000098 00000000        DCD              ADC_IRQHandler 
                                                            ; 38: A/D Converter
                                                            
  100 0000009C 00000000        DCD              BOD_IRQHandler ; 39: Brown-Out 
                                                            Detect
  101 000000A0 00000000        DCD              USB_IRQHandler ; 40: USB
  102 000000A4 00000000        DCD              CAN_IRQHandler ; 41: CAN
  103 000000A8 00000000        DCD              DMA_IRQHandler ; 42: General Pu
                                                            rpose DMA
  104 000000AC 00000000        DCD              I2S_IRQHandler ; 43: I2S
  105 000000B0 00000000        DCD              ENET_IRQHandler ; 44: Ethernet
  106 000000B4 00000000        DCD              RIT_IRQHandler ; 45: Repetitive
                                                             Interrupt Timer
  107 000000B8 00000000        DCD              MCPWM_IRQHandler ; 46: Motor Co
                                                            ntrol PWM
  108 000000BC 00000000        DCD              QEI_IRQHandler ; 47: Quadrature
                                                             Encoder Interface
  109 000000C0 00000000        DCD              PLL1_IRQHandler ; 48: PLL1 Lock
                                                             (USB PLL)
  110 000000C4 00000000        DCD              USBActivity_IRQHandler ; 49: US
                                                            B Activity interrup
                                                            t to wakeup
  111 000000C8 00000000        DCD              CANActivity_IRQHandler ; 50: CA
                                                            N Activity interrup
                                                            t to wakeup
  112 000000CC         
  113 000000CC         
  114 000000CC                 IF               :LNOT::DEF:NO_CRP
  115 000000CC                 AREA             |.ARM.__at_0x02FC|, CODE, READO
NLY
  116 00000000 FFFFFFFF 
                       CRP_Key DCD              0xFFFFFFFF
  117 00000004                 ENDIF
  118 00000004         
  119 00000004         
  120 00000004                 AREA             program_data, CODE, READONLY, A
LIGN = 2
  121 00000000                 EXPORT           _Matrix_Coordinates
  122 00000000                 EXPORT           _ROWS
  123 00000000                 EXPORT           _COLUMNS
  124 00000000 FFFFFFFB 



ARM Macro Assembler    Page 4 


              00000005 
              FFFFFFFC 
              00000005 
              FFFFFFFD 
              00000005 
              FFFFFFFE 
              00000005 
              FFFFFFFF 
              00000005 
              00000000 
              00000005 
              00000001 
              00000005 
              00000002 
              00000005 
              00000003 
              00000005 
              00000004 
              00000005 
              00000005 
              00000005 _Matrix_Coordinates
                               DCD              -5,5,-4,5,-3,5,-2,5,-1,5,0,5,1,
5,2,5,3,5,4,5,5,5
  125 00000058 FFFFFFFB 
              00000004 
              FFFFFFFC 
              00000004 
              FFFFFFFD 
              00000004 
              FFFFFFFE 
              00000004 
              FFFFFFFF 
              00000004 
              00000000 
              00000004 
              00000001 
              00000004 
              00000002 
              00000004 
              00000003 
              00000004 
              00000004 
              00000004 
              00000005 
              00000004         DCD              -5,4,-4,4,-3,4,-2,4,-1,4,0,4,1,
4,2,4,3,4,4,4,5,4
  126 000000B0 FFFFFFFB 
              00000003 
              FFFFFFFC 
              00000003 
              FFFFFFFD 
              00000003 
              FFFFFFFE 
              00000003 
              FFFFFFFF 
              00000003 
              00000000 
              00000003 
              00000001 



ARM Macro Assembler    Page 5 


              00000003 
              00000002 
              00000003 
              00000003 
              00000003 
              00000004 
              00000003 
              00000005 
              00000003         DCD              -5,3,-4,3,-3,3,-2,3,-1,3,0,3,1,
3,2,3,3,3,4,3,5,3
  127 00000108 FFFFFFFB 
              00000002 
              FFFFFFFC 
              00000002 
              FFFFFFFD 
              00000002 
              FFFFFFFE 
              00000002 
              FFFFFFFF 
              00000002 
              00000000 
              00000002 
              00000001 
              00000002 
              00000002 
              00000002 
              00000003 
              00000002 
              00000004 
              00000002 
              00000005 
              00000002         DCD              -5,2,-4,2,-3,2,-2,2,-1,2,0,2,1,
2,2,2,3,2,4,2,5,2
  128 00000160 FFFFFFFB 
              00000001 
              FFFFFFFC 
              00000001 
              FFFFFFFD 
              00000001 
              FFFFFFFE 
              00000001 
              FFFFFFFF 
              00000001 
              00000000 
              00000001 
              00000001 
              00000001 
              00000002 
              00000001 
              00000003 
              00000001 
              00000004 
              00000001 
              00000005 
              00000001         DCD              -5,1,-4,1,-3,1,-2,1,-1,1,0,1,1,
1,2,1,3,1,4,1,5,1
  129 000001B8 FFFFFFFB 
              00000000 
              FFFFFFFC 



ARM Macro Assembler    Page 6 


              00000000 
              FFFFFFFD 
              00000000 
              FFFFFFFE 
              00000000 
              FFFFFFFF 
              00000000 
              00000000 
              00000000 
              00000001 
              00000000 
              00000002 
              00000000 
              00000003 
              00000000 
              00000004 
              00000000 
              00000005 
              00000000         DCD              -5,0,-4,0,-3,0,-2,0,-1,0,0,0,1,
0,2,0,3,0,4,0,5,0
  130 00000210 FFFFFFFB 
              FFFFFFFF 
              FFFFFFFC 
              FFFFFFFF 
              FFFFFFFD 
              FFFFFFFF 
              FFFFFFFE 
              FFFFFFFF 
              FFFFFFFF 
              FFFFFFFF 
              00000000 
              FFFFFFFF 
              00000001 
              FFFFFFFF 
              00000002 
              FFFFFFFF 
              00000003 
              FFFFFFFF 
              00000004 
              FFFFFFFF 
              00000005 
              FFFFFFFF         DCD              -5,-1,-4,-1,-3,-1,-2,-1, -1,-1 
,0,-1,1,-1,2,-1,3,-1,4,-1,5,-1
  131 00000268 FFFFFFFB 
              FFFFFFFE 
              FFFFFFFC 
              FFFFFFFE 
              FFFFFFFD 
              FFFFFFFE 
              FFFFFFFE 
              FFFFFFFE 
              FFFFFFFF 
              FFFFFFFE 
              00000000 
              FFFFFFFE 
              00000001 
              FFFFFFFE 
              00000002 
              FFFFFFFE 



ARM Macro Assembler    Page 7 


              00000003 
              FFFFFFFE 
              00000004 
              FFFFFFFE 
              00000005 
              FFFFFFFE         DCD              -5,-2,-4,-2,-3,-2,-2,-2,-1,-2,0
,-2,1,-2,2,-2,3,-2,4,-2,5,-2
  132 000002C0 FFFFFFFB 
              FFFFFFFD 
              FFFFFFFC 
              FFFFFFFD 
              FFFFFFFD 
              FFFFFFFD 
              FFFFFFFE 
              FFFFFFFD 
              FFFFFFFF 
              FFFFFFFD 
              00000000 
              FFFFFFFD 
              00000001 
              FFFFFFFD 
              00000002 
              FFFFFFFD 
              00000003 
              FFFFFFFD 
              00000004 
              FFFFFFFD 
              00000005 
              FFFFFFFD         DCD              -5,-3,-4,-3,-3,-3,-2,-3,-1,-3,0
,-3,1,-3,2,-3,3,-3,4,-3,5,-3
  133 00000318 FFFFFFFB 
              FFFFFFFC 
              FFFFFFFC 
              FFFFFFFC 
              FFFFFFFD 
              FFFFFFFC 
              FFFFFFFE 
              FFFFFFFC 
              FFFFFFFF 
              FFFFFFFC 
              00000000 
              FFFFFFFC 
              00000001 
              FFFFFFFC 
              00000002 
              FFFFFFFC 
              00000003 
              FFFFFFFC 
              00000004 
              FFFFFFFC 
              00000005 
              FFFFFFFC         DCD              -5,-4,-4,-4,-3,-4,-2,-4,-1,-4,0
,-4,1,-4,2,-4,3,-4,4,-4,5,-4
  134 00000370 FFFFFFFB 
              FFFFFFFB 
              FFFFFFFC 
              FFFFFFFB 
              FFFFFFFD 
              FFFFFFFB 



ARM Macro Assembler    Page 8 


              FFFFFFFE 
              FFFFFFFB 
              FFFFFFFF 
              FFFFFFFB 
              00000000 
              FFFFFFFB 
              00000001 
              FFFFFFFB 
              00000002 
              FFFFFFFB 
              00000003 
              FFFFFFFB 
              00000004 
              FFFFFFFB 
              00000005 
              FFFFFFFB         DCD              -5,-5,-4,-5,-3,-5,-2,-5,-1,-5,0
,-5,1,-5,2,-5,3,-5,4,-5,5,-5
  135 000003C8 0B      _ROWS   DCB              11
  136 000003C9 16      _COLUMNS
                               DCB              22
  137 000003CA         
  138 000003CA         
  139 000003CA         
  140 000003CA         
  141 000003CA                 AREA             |.text|, CODE, READONLY
  142 00000000         ; Reset Handler
  143 00000000         
  144 00000000         Reset_Handler
                               PROC
  145 00000000                 EXPORT           Reset_Handler             [WEAK
]
  146 00000000                 IMPORT           __main
  147 00000000 4808            LDR              R0, =__main
  148 00000002 4700            BX               R0
  149 00000004                 ENDP
  150 00000004         
  151 00000004         ; Dummy Exception Handlers (infinite loops which can be 
                       modified)
  152 00000004         
  153 00000004         NMI_Handler
                               PROC
  154 00000004                 EXPORT           NMI_Handler               [WEAK
]
  155 00000004 E7FE            B                .
  156 00000006                 ENDP
  158 00000006         HardFault_Handler
                               PROC
  159 00000006                 EXPORT           HardFault_Handler         [WEAK
]
  160 00000006 E7FE            B                .
  161 00000008                 ENDP
  163 00000008         MemManage_Handler
                               PROC
  164 00000008                 EXPORT           MemManage_Handler         [WEAK
]
  165 00000008 E7FE            B                .
  166 0000000A                 ENDP
  168 0000000A         BusFault_Handler
                               PROC



ARM Macro Assembler    Page 9 


  169 0000000A                 EXPORT           BusFault_Handler          [WEAK
]
  170 0000000A E7FE            B                .
  171 0000000C                 ENDP
  173 0000000C         UsageFault_Handler
                               PROC
  174 0000000C                 EXPORT           UsageFault_Handler        [WEAK
]
  175 0000000C E7FE            B                .
  176 0000000E                 ENDP
  177 0000000E         SVC_Handler
                               PROC
  178 0000000E                 EXPORT           SVC_Handler               [WEAK
]
  179 0000000E E7FE            B                .
  180 00000010                 ENDP
  182 00000010         DebugMon_Handler
                               PROC
  183 00000010                 EXPORT           DebugMon_Handler          [WEAK
]
  184 00000010 E7FE            B                .
  185 00000012                 ENDP
  186 00000012         PendSV_Handler
                               PROC
  187 00000012                 EXPORT           PendSV_Handler            [WEAK
]
  188 00000012 E7FE            B                .
  189 00000014                 ENDP
  190 00000014         SysTick_Handler
                               PROC
  191 00000014                 EXPORT           SysTick_Handler           [WEAK
]
  192 00000014 E7FE            B                .
  193 00000016                 ENDP
  194 00000016         
  195 00000016         Default_Handler
                               PROC
  196 00000016         
  197 00000016                 EXPORT           WDT_IRQHandler            [WEAK
]
  198 00000016                 EXPORT           TIMER0_IRQHandler         [WEAK
]
  199 00000016                 EXPORT           TIMER1_IRQHandler         [WEAK
]
  200 00000016                 EXPORT           TIMER2_IRQHandler         [WEAK
]
  201 00000016                 EXPORT           TIMER3_IRQHandler         [WEAK
]
  202 00000016                 EXPORT           UART0_IRQHandler          [WEAK
]
  203 00000016                 EXPORT           UART1_IRQHandler          [WEAK
]
  204 00000016                 EXPORT           UART2_IRQHandler          [WEAK
]
  205 00000016                 EXPORT           UART3_IRQHandler          [WEAK
]
  206 00000016                 EXPORT           PWM1_IRQHandler           [WEAK
]
  207 00000016                 EXPORT           I2C0_IRQHandler           [WEAK



ARM Macro Assembler    Page 10 


]
  208 00000016                 EXPORT           I2C1_IRQHandler           [WEAK
]
  209 00000016                 EXPORT           I2C2_IRQHandler           [WEAK
]
  210 00000016                 EXPORT           SPI_IRQHandler            [WEAK
]
  211 00000016                 EXPORT           SSP0_IRQHandler           [WEAK
]
  212 00000016                 EXPORT           SSP1_IRQHandler           [WEAK
]
  213 00000016                 EXPORT           PLL0_IRQHandler           [WEAK
]
  214 00000016                 EXPORT           RTC_IRQHandler            [WEAK
]
  215 00000016                 EXPORT           EINT0_IRQHandler          [WEAK
]
  216 00000016                 EXPORT           EINT1_IRQHandler          [WEAK
]
  217 00000016                 EXPORT           EINT2_IRQHandler          [WEAK
]
  218 00000016                 EXPORT           EINT3_IRQHandler          [WEAK
]
  219 00000016                 EXPORT           ADC_IRQHandler            [WEAK
]
  220 00000016                 EXPORT           BOD_IRQHandler            [WEAK
]
  221 00000016                 EXPORT           USB_IRQHandler            [WEAK
]
  222 00000016                 EXPORT           CAN_IRQHandler            [WEAK
]
  223 00000016                 EXPORT           DMA_IRQHandler            [WEAK
]
  224 00000016                 EXPORT           I2S_IRQHandler            [WEAK
]
  225 00000016                 EXPORT           ENET_IRQHandler           [WEAK
]
  226 00000016                 EXPORT           RIT_IRQHandler            [WEAK
]
  227 00000016                 EXPORT           MCPWM_IRQHandler          [WEAK
]
  228 00000016                 EXPORT           QEI_IRQHandler            [WEAK
]
  229 00000016                 EXPORT           PLL1_IRQHandler           [WEAK
]
  230 00000016                 EXPORT           USBActivity_IRQHandler    [WEAK
]
  231 00000016                 EXPORT           CANActivity_IRQHandler    [WEAK
]
  232 00000016         
  233 00000016         WDT_IRQHandler
  234 00000016         TIMER0_IRQHandler
  235 00000016         TIMER1_IRQHandler
  236 00000016         TIMER2_IRQHandler
  237 00000016         TIMER3_IRQHandler
  238 00000016         UART0_IRQHandler
  239 00000016         UART1_IRQHandler
  240 00000016         UART2_IRQHandler
  241 00000016         UART3_IRQHandler



ARM Macro Assembler    Page 11 


  242 00000016         PWM1_IRQHandler
  243 00000016         I2C0_IRQHandler
  244 00000016         I2C1_IRQHandler
  245 00000016         I2C2_IRQHandler
  246 00000016         SPI_IRQHandler
  247 00000016         SSP0_IRQHandler
  248 00000016         SSP1_IRQHandler
  249 00000016         PLL0_IRQHandler
  250 00000016         RTC_IRQHandler
  251 00000016         EINT0_IRQHandler
  252 00000016         EINT1_IRQHandler
  253 00000016         EINT2_IRQHandler
  254 00000016         EINT3_IRQHandler
  255 00000016         ADC_IRQHandler
  256 00000016         BOD_IRQHandler
  257 00000016         USB_IRQHandler
  258 00000016         CAN_IRQHandler
  259 00000016         DMA_IRQHandler
  260 00000016         I2S_IRQHandler
  261 00000016         ENET_IRQHandler
  262 00000016         RIT_IRQHandler
  263 00000016         MCPWM_IRQHandler
  264 00000016         QEI_IRQHandler
  265 00000016         PLL1_IRQHandler
  266 00000016         USBActivity_IRQHandler
  267 00000016         CANActivity_IRQHandler
  268 00000016         
  269 00000016 E7FE            B                .
  270 00000018         
  271 00000018                 ENDP
  272 00000018         
  273 00000018         
  274 00000018                 ALIGN
  275 00000018         
  276 00000018         
  277 00000018         ; User Initial Stack & Heap
  278 00000018         
  279 00000018                 IF               :DEF:__MICROLIB
  286 00000018         
  287 00000018                 IMPORT           __use_two_region_memory
  288 00000018                 EXPORT           __user_initial_stackheap
  289 00000018         __user_initial_stackheap
  290 00000018         
  291 00000018 4803            LDR              R0, =  Heap_Mem
  292 0000001A 4904            LDR              R1, =(Stack_Mem + Stack_Size)
  293 0000001C 4A02            LDR              R2, = (Heap_Mem +  Heap_Size)
  294 0000001E 4B04            LDR              R3, = Stack_Mem
  295 00000020 4770            BX               LR
  296 00000022         
  297 00000022 00 00           ALIGN
  298 00000024         
  299 00000024                 ENDIF
  300 00000024         
  301 00000024         
  302 00000024                 END
              00000000 
              00000000 
              00000200 
              00000000 



ARM Macro Assembler    Page 12 


Command Line: --debug --xref --diag_suppress=9931 --cpu=Cortex-M3 --depend=.\st
artup_lpc17xx.d -o.\startup_lpc17xx.o -I.\RTE\_Target_1 -IC:\Keil_v5\ARM\PACK\A
RM\CMSIS\5.8.0\CMSIS\Core\Include -IC:\Keil_v5\ARM\PACK\Keil\LPC1700_DFP\2.7.1\
Device\Include --predefine="__EVAL SETA 1" --predefine="__UVISION_VERSION SETA 
536" --predefine="_RTE_ SETA 1" --predefine="LPC175x_6x SETA 1" --predefine="_R
TE_ SETA 1" --list=.\startup_lpc17xx.lst startup_LPC17xx.s



ARM Macro Assembler    Page 1 Alphabetic symbol ordering
Relocatable symbols

STACK 00000000

Symbol: STACK
   Definitions
      At line 33 in file startup_LPC17xx.s
   Uses
      None
Comment: STACK unused
Stack_Mem 00000000

Symbol: Stack_Mem
   Definitions
      At line 34 in file startup_LPC17xx.s
   Uses
      At line 292 in file startup_LPC17xx.s
      At line 294 in file startup_LPC17xx.s

__initial_sp 00000200

Symbol: __initial_sp
   Definitions
      At line 35 in file startup_LPC17xx.s
   Uses
      At line 59 in file startup_LPC17xx.s
Comment: __initial_sp used once
3 symbols



ARM Macro Assembler    Page 1 Alphabetic symbol ordering
Relocatable symbols

HEAP 00000000

Symbol: HEAP
   Definitions
      At line 44 in file startup_LPC17xx.s
   Uses
      None
Comment: HEAP unused
Heap_Mem 00000000

Symbol: Heap_Mem
   Definitions
      At line 46 in file startup_LPC17xx.s
   Uses
      At line 291 in file startup_LPC17xx.s
      At line 293 in file startup_LPC17xx.s

__heap_base 00000000

Symbol: __heap_base
   Definitions
      At line 45 in file startup_LPC17xx.s
   Uses
      None
Comment: __heap_base unused
__heap_limit 00000000

Symbol: __heap_limit
   Definitions
      At line 47 in file startup_LPC17xx.s
   Uses
      None
Comment: __heap_limit unused
4 symbols



ARM Macro Assembler    Page 1 Alphabetic symbol ordering
Relocatable symbols

RESET 00000000

Symbol: RESET
   Definitions
      At line 56 in file startup_LPC17xx.s
   Uses
      None
Comment: RESET unused
__Vectors 00000000

Symbol: __Vectors
   Definitions
      At line 59 in file startup_LPC17xx.s
   Uses
      At line 57 in file startup_LPC17xx.s
Comment: __Vectors used once
2 symbols



ARM Macro Assembler    Page 1 Alphabetic symbol ordering
Relocatable symbols

.ARM.__at_0x02FC 00000000

Symbol: .ARM.__at_0x02FC
   Definitions
      At line 115 in file startup_LPC17xx.s
   Uses
      None
Comment: .ARM.__at_0x02FC unused
CRP_Key 00000000

Symbol: CRP_Key
   Definitions
      At line 116 in file startup_LPC17xx.s
   Uses
      None
Comment: CRP_Key unused
2 symbols



ARM Macro Assembler    Page 1 Alphabetic symbol ordering
Relocatable symbols

_COLUMNS 000003C9

Symbol: _COLUMNS
   Definitions
      At line 136 in file startup_LPC17xx.s
   Uses
      At line 123 in file startup_LPC17xx.s
Comment: _COLUMNS used once
_Matrix_Coordinates 00000000

Symbol: _Matrix_Coordinates
   Definitions
      At line 124 in file startup_LPC17xx.s
   Uses
      At line 121 in file startup_LPC17xx.s
Comment: _Matrix_Coordinates used once
_ROWS 000003C8

Symbol: _ROWS
   Definitions
      At line 135 in file startup_LPC17xx.s
   Uses
      At line 122 in file startup_LPC17xx.s
Comment: _ROWS used once
program_data 00000000

Symbol: program_data
   Definitions
      At line 120 in file startup_LPC17xx.s
   Uses
      None
Comment: program_data unused
4 symbols



ARM Macro Assembler    Page 1 Alphabetic symbol ordering
Relocatable symbols

.text 00000000

Symbol: .text
   Definitions
      At line 141 in file startup_LPC17xx.s
   Uses
      None
Comment: .text unused
ADC_IRQHandler 00000016

Symbol: ADC_IRQHandler
   Definitions
      At line 255 in file startup_LPC17xx.s
   Uses
      At line 99 in file startup_LPC17xx.s
      At line 219 in file startup_LPC17xx.s

BOD_IRQHandler 00000016

Symbol: BOD_IRQHandler
   Definitions
      At line 256 in file startup_LPC17xx.s
   Uses
      At line 100 in file startup_LPC17xx.s
      At line 220 in file startup_LPC17xx.s

BusFault_Handler 0000000A

Symbol: BusFault_Handler
   Definitions
      At line 168 in file startup_LPC17xx.s
   Uses
      At line 64 in file startup_LPC17xx.s
      At line 169 in file startup_LPC17xx.s

CANActivity_IRQHandler 00000016

Symbol: CANActivity_IRQHandler
   Definitions
      At line 267 in file startup_LPC17xx.s
   Uses
      At line 111 in file startup_LPC17xx.s
      At line 231 in file startup_LPC17xx.s

CAN_IRQHandler 00000016

Symbol: CAN_IRQHandler
   Definitions
      At line 258 in file startup_LPC17xx.s
   Uses
      At line 102 in file startup_LPC17xx.s
      At line 222 in file startup_LPC17xx.s

DMA_IRQHandler 00000016

Symbol: DMA_IRQHandler
   Definitions
      At line 259 in file startup_LPC17xx.s
   Uses



ARM Macro Assembler    Page 2 Alphabetic symbol ordering
Relocatable symbols

      At line 103 in file startup_LPC17xx.s
      At line 223 in file startup_LPC17xx.s

DebugMon_Handler 00000010

Symbol: DebugMon_Handler
   Definitions
      At line 182 in file startup_LPC17xx.s
   Uses
      At line 71 in file startup_LPC17xx.s
      At line 183 in file startup_LPC17xx.s

Default_Handler 00000016

Symbol: Default_Handler
   Definitions
      At line 195 in file startup_LPC17xx.s
   Uses
      None
Comment: Default_Handler unused
EINT0_IRQHandler 00000016

Symbol: EINT0_IRQHandler
   Definitions
      At line 251 in file startup_LPC17xx.s
   Uses
      At line 95 in file startup_LPC17xx.s
      At line 215 in file startup_LPC17xx.s

EINT1_IRQHandler 00000016

Symbol: EINT1_IRQHandler
   Definitions
      At line 252 in file startup_LPC17xx.s
   Uses
      At line 96 in file startup_LPC17xx.s
      At line 216 in file startup_LPC17xx.s

EINT2_IRQHandler 00000016

Symbol: EINT2_IRQHandler
   Definitions
      At line 253 in file startup_LPC17xx.s
   Uses
      At line 97 in file startup_LPC17xx.s
      At line 217 in file startup_LPC17xx.s

EINT3_IRQHandler 00000016

Symbol: EINT3_IRQHandler
   Definitions
      At line 254 in file startup_LPC17xx.s
   Uses
      At line 98 in file startup_LPC17xx.s
      At line 218 in file startup_LPC17xx.s

ENET_IRQHandler 00000016

Symbol: ENET_IRQHandler



ARM Macro Assembler    Page 3 Alphabetic symbol ordering
Relocatable symbols

   Definitions
      At line 261 in file startup_LPC17xx.s
   Uses
      At line 105 in file startup_LPC17xx.s
      At line 225 in file startup_LPC17xx.s

HardFault_Handler 00000006

Symbol: HardFault_Handler
   Definitions
      At line 158 in file startup_LPC17xx.s
   Uses
      At line 62 in file startup_LPC17xx.s
      At line 159 in file startup_LPC17xx.s

I2C0_IRQHandler 00000016

Symbol: I2C0_IRQHandler
   Definitions
      At line 243 in file startup_LPC17xx.s
   Uses
      At line 87 in file startup_LPC17xx.s
      At line 207 in file startup_LPC17xx.s

I2C1_IRQHandler 00000016

Symbol: I2C1_IRQHandler
   Definitions
      At line 244 in file startup_LPC17xx.s
   Uses
      At line 88 in file startup_LPC17xx.s
      At line 208 in file startup_LPC17xx.s

I2C2_IRQHandler 00000016

Symbol: I2C2_IRQHandler
   Definitions
      At line 245 in file startup_LPC17xx.s
   Uses
      At line 89 in file startup_LPC17xx.s
      At line 209 in file startup_LPC17xx.s

I2S_IRQHandler 00000016

Symbol: I2S_IRQHandler
   Definitions
      At line 260 in file startup_LPC17xx.s
   Uses
      At line 104 in file startup_LPC17xx.s
      At line 224 in file startup_LPC17xx.s

MCPWM_IRQHandler 00000016

Symbol: MCPWM_IRQHandler
   Definitions
      At line 263 in file startup_LPC17xx.s
   Uses
      At line 107 in file startup_LPC17xx.s
      At line 227 in file startup_LPC17xx.s



ARM Macro Assembler    Page 4 Alphabetic symbol ordering
Relocatable symbols


MemManage_Handler 00000008

Symbol: MemManage_Handler
   Definitions
      At line 163 in file startup_LPC17xx.s
   Uses
      At line 63 in file startup_LPC17xx.s
      At line 164 in file startup_LPC17xx.s

NMI_Handler 00000004

Symbol: NMI_Handler
   Definitions
      At line 153 in file startup_LPC17xx.s
   Uses
      At line 61 in file startup_LPC17xx.s
      At line 154 in file startup_LPC17xx.s

PLL0_IRQHandler 00000016

Symbol: PLL0_IRQHandler
   Definitions
      At line 249 in file startup_LPC17xx.s
   Uses
      At line 93 in file startup_LPC17xx.s
      At line 213 in file startup_LPC17xx.s

PLL1_IRQHandler 00000016

Symbol: PLL1_IRQHandler
   Definitions
      At line 265 in file startup_LPC17xx.s
   Uses
      At line 109 in file startup_LPC17xx.s
      At line 229 in file startup_LPC17xx.s

PWM1_IRQHandler 00000016

Symbol: PWM1_IRQHandler
   Definitions
      At line 242 in file startup_LPC17xx.s
   Uses
      At line 86 in file startup_LPC17xx.s
      At line 206 in file startup_LPC17xx.s

PendSV_Handler 00000012

Symbol: PendSV_Handler
   Definitions
      At line 186 in file startup_LPC17xx.s
   Uses
      At line 73 in file startup_LPC17xx.s
      At line 187 in file startup_LPC17xx.s

QEI_IRQHandler 00000016

Symbol: QEI_IRQHandler
   Definitions



ARM Macro Assembler    Page 5 Alphabetic symbol ordering
Relocatable symbols

      At line 264 in file startup_LPC17xx.s
   Uses
      At line 108 in file startup_LPC17xx.s
      At line 228 in file startup_LPC17xx.s

RIT_IRQHandler 00000016

Symbol: RIT_IRQHandler
   Definitions
      At line 262 in file startup_LPC17xx.s
   Uses
      At line 106 in file startup_LPC17xx.s
      At line 226 in file startup_LPC17xx.s

RTC_IRQHandler 00000016

Symbol: RTC_IRQHandler
   Definitions
      At line 250 in file startup_LPC17xx.s
   Uses
      At line 94 in file startup_LPC17xx.s
      At line 214 in file startup_LPC17xx.s

Reset_Handler 00000000

Symbol: Reset_Handler
   Definitions
      At line 144 in file startup_LPC17xx.s
   Uses
      At line 60 in file startup_LPC17xx.s
      At line 145 in file startup_LPC17xx.s

SPI_IRQHandler 00000016

Symbol: SPI_IRQHandler
   Definitions
      At line 246 in file startup_LPC17xx.s
   Uses
      At line 90 in file startup_LPC17xx.s
      At line 210 in file startup_LPC17xx.s

SSP0_IRQHandler 00000016

Symbol: SSP0_IRQHandler
   Definitions
      At line 247 in file startup_LPC17xx.s
   Uses
      At line 91 in file startup_LPC17xx.s
      At line 211 in file startup_LPC17xx.s

SSP1_IRQHandler 00000016

Symbol: SSP1_IRQHandler
   Definitions
      At line 248 in file startup_LPC17xx.s
   Uses
      At line 92 in file startup_LPC17xx.s
      At line 212 in file startup_LPC17xx.s




ARM Macro Assembler    Page 6 Alphabetic symbol ordering
Relocatable symbols

SVC_Handler 0000000E

Symbol: SVC_Handler
   Definitions
      At line 177 in file startup_LPC17xx.s
   Uses
      At line 70 in file startup_LPC17xx.s
      At line 178 in file startup_LPC17xx.s

SysTick_Handler 00000014

Symbol: SysTick_Handler
   Definitions
      At line 190 in file startup_LPC17xx.s
   Uses
      At line 74 in file startup_LPC17xx.s
      At line 191 in file startup_LPC17xx.s

TIMER0_IRQHandler 00000016

Symbol: TIMER0_IRQHandler
   Definitions
      At line 234 in file startup_LPC17xx.s
   Uses
      At line 78 in file startup_LPC17xx.s
      At line 198 in file startup_LPC17xx.s

TIMER1_IRQHandler 00000016

Symbol: TIMER1_IRQHandler
   Definitions
      At line 235 in file startup_LPC17xx.s
   Uses
      At line 79 in file startup_LPC17xx.s
      At line 199 in file startup_LPC17xx.s

TIMER2_IRQHandler 00000016

Symbol: TIMER2_IRQHandler
   Definitions
      At line 236 in file startup_LPC17xx.s
   Uses
      At line 80 in file startup_LPC17xx.s
      At line 200 in file startup_LPC17xx.s

TIMER3_IRQHandler 00000016

Symbol: TIMER3_IRQHandler
   Definitions
      At line 237 in file startup_LPC17xx.s
   Uses
      At line 81 in file startup_LPC17xx.s
      At line 201 in file startup_LPC17xx.s

UART0_IRQHandler 00000016

Symbol: UART0_IRQHandler
   Definitions
      At line 238 in file startup_LPC17xx.s



ARM Macro Assembler    Page 7 Alphabetic symbol ordering
Relocatable symbols

   Uses
      At line 82 in file startup_LPC17xx.s
      At line 202 in file startup_LPC17xx.s

UART1_IRQHandler 00000016

Symbol: UART1_IRQHandler
   Definitions
      At line 239 in file startup_LPC17xx.s
   Uses
      At line 83 in file startup_LPC17xx.s
      At line 203 in file startup_LPC17xx.s

UART2_IRQHandler 00000016

Symbol: UART2_IRQHandler
   Definitions
      At line 240 in file startup_LPC17xx.s
   Uses
      At line 84 in file startup_LPC17xx.s
      At line 204 in file startup_LPC17xx.s

UART3_IRQHandler 00000016

Symbol: UART3_IRQHandler
   Definitions
      At line 241 in file startup_LPC17xx.s
   Uses
      At line 85 in file startup_LPC17xx.s
      At line 205 in file startup_LPC17xx.s

USBActivity_IRQHandler 00000016

Symbol: USBActivity_IRQHandler
   Definitions
      At line 266 in file startup_LPC17xx.s
   Uses
      At line 110 in file startup_LPC17xx.s
      At line 230 in file startup_LPC17xx.s

USB_IRQHandler 00000016

Symbol: USB_IRQHandler
   Definitions
      At line 257 in file startup_LPC17xx.s
   Uses
      At line 101 in file startup_LPC17xx.s
      At line 221 in file startup_LPC17xx.s

UsageFault_Handler 0000000C

Symbol: UsageFault_Handler
   Definitions
      At line 173 in file startup_LPC17xx.s
   Uses
      At line 65 in file startup_LPC17xx.s
      At line 174 in file startup_LPC17xx.s

WDT_IRQHandler 00000016



ARM Macro Assembler    Page 8 Alphabetic symbol ordering
Relocatable symbols


Symbol: WDT_IRQHandler
   Definitions
      At line 233 in file startup_LPC17xx.s
   Uses
      At line 77 in file startup_LPC17xx.s
      At line 197 in file startup_LPC17xx.s

__user_initial_stackheap 00000018

Symbol: __user_initial_stackheap
   Definitions
      At line 289 in file startup_LPC17xx.s
   Uses
      At line 288 in file startup_LPC17xx.s
Comment: __user_initial_stackheap used once
48 symbols



ARM Macro Assembler    Page 1 Alphabetic symbol ordering
Absolute symbols

Heap_Size 00000000

Symbol: Heap_Size
   Definitions
      At line 42 in file startup_LPC17xx.s
   Uses
      At line 46 in file startup_LPC17xx.s
      At line 293 in file startup_LPC17xx.s

Stack_Size 00000200

Symbol: Stack_Size
   Definitions
      At line 31 in file startup_LPC17xx.s
   Uses
      At line 34 in file startup_LPC17xx.s
      At line 292 in file startup_LPC17xx.s

2 symbols



ARM Macro Assembler    Page 1 Alphabetic symbol ordering
External symbols

__main 00000000

Symbol: __main
   Definitions
      At line 146 in file startup_LPC17xx.s
   Uses
      At line 147 in file startup_LPC17xx.s
Comment: __main used once
__use_two_region_memory 00000000

Symbol: __use_two_region_memory
   Definitions
      At line 287 in file startup_LPC17xx.s
   Uses
      None
Comment: __use_two_region_memory unused
2 symbols
407 symbols in table
