


ARM Macro Assembler    Page 1 


    1 00000000                 AREA             translate_func, CODE, READONLY
    2 00000000                 EXPORT           translate
    3 00000000         
    4 00000000         store   PROC
    5 00000000                 IMPORT           _table
    6 00000000         
    7 00000000 4846            LDR              R0, =_table
    8 00000002 F810 100A       LDRB             R1, [R0, R10]
    9 00000006 54D1            STRB             R1, [R2, R3]
   10 00000008         
   11 00000008 4770            BX               LR
   12 0000000A                 ENDP
   13 0000000A         
   14 0000000A         translate
                               PROC
   15 0000000A                 IMPORT           _table
   16 0000000A                 IMPORT           LED_Out
   17 0000000A F8DF C114       LDR              R12, =LED_Out
   18 0000000E BC70            LDMFD            SP!, {R4-R6}
   19 00000010 F04F 0901       MOV              R9, #1
   20 00000014 F1A3 0301       SUB              R3, R3, #1
   21 00000018 469B            MOV              R11, R3
   22 0000001A F1A1 0101       SUB              R1, R1, #1
   23 0000001E F1A7 0701       SUB              R7, R7, #1
   24 00000022         
   25 00000022 F810 8001 
                       loop    LDRB             R8, [R0, R1]
   26 00000026         
   27 00000026 F1B8 0F30       CMP              R8, #48
   28 0000002A BF02 FB08 
              F809             MULEQ            R8, R8, R9
   29 00000030 44C2            ADDEQ            R10, R10, R8
   30 00000032 EA4F 0949       LSLEQ            R9, R9, #1
   31 00000036         
   32 00000036         
   33 00000036 F1B8 0F31       CMP              R8, #49
   34 0000003A BF02 FB08 
              F809             MULEQ            R8, R8, R9
   35 00000040 44C2            ADDEQ            R10, R10, R8
   36 00000042 EA4F 0949       LSLEQ            R9, R9, #1
   37 00000046         
   38 00000046 45A0            CMP              R8, R4
   39 00000048         
   40 00000048 BF04 E92D 
              5FFF             STMFDEQ          SP!, {R0-R12, LR}
   41 0000004E F7FF FFFE       BLEQ             store
   42 00000052 BF01 E8BD 
              5FFF             LDMFDEQ          SP!, {R0-R12, LR}
   43 00000058 1E5B            SUBEQ            R3, R3, #1
   44 0000005A         
   45 0000005A 9001            STREQ            R0, [SP, #4]
   46 0000005C EBAB 0903       SUBEQ            R9, R11, R3
   47 00000060 BF02 4648       MOVEQ            R0, R9
   48 00000064 B51F            STMFDEQ          SP!, {R0-R4, LR}
   49 00000066 47E0            BLXEQ            R12
   50 00000068 BF01 E8BD 
              401F             LDMFDEQ          SP!, {R0-R4, LR}
   51 0000006E 9801            LDREQ            R0, [SP, #4]
   52 00000070 F04F 0901       MOVEQ            R9, #1



ARM Macro Assembler    Page 2 


   53 00000074 F04F 0A00       MOVEQ            R10, #0
   54 00000078         
   55 00000078 45A8            CMP              R8, R5
   56 0000007A         
   57 0000007A BF04 E92D 
              5FFF             STMFDEQ          SP!, {R0-R12, LR}
   58 00000080 F7FF FFFE       BLEQ             store
   59 00000084 BF01 E8BD 
              5FFF             LDMFDEQ          SP!, {R0-R12, LR}
   60 0000008A 1E5B            SUBEQ            R3, R3, #1
   61 0000008C         
   62 0000008C 9001            STREQ            R0, [SP, #4]
   63 0000008E EBAB 0903       SUBEQ            R9, R11, R3
   64 00000092 BF02 4648       MOVEQ            R0, R9
   65 00000096 B51F            STMFDEQ          SP!, {R0-R4, LR}
   66 00000098 47E0            BLXEQ            R12
   67 0000009A BF01 E8BD 
              401F             LDMFDEQ          SP!, {R0-R4, LR}
   68 000000A0 9801            LDREQ            R0, [SP, #4]
   69 000000A2         
   70 000000A2 F04F 0A20       MOVEQ            R10, #32
   71 000000A6 F802 A003       STRBEQ           R10, [R2, R3]
   72 000000AA BF01 1E5B       SUBEQ            R3, R3, #1
   73 000000AE         
   74 000000AE 9001            STREQ            R0, [SP, #4]
   75 000000B0 EBAB 0903       SUBEQ            R9, R11, R3
   76 000000B4 4648            MOVEQ            R0, R9
   77 000000B6 BF04 B51F       STMFDEQ          SP!, {R0-R4, LR}
   78 000000BA 47E0            BLXEQ            R12
   79 000000BC BF01 E8BD 
              401F             LDMFDEQ          SP!, {R0-R4, LR}
   80 000000C2 9801            LDREQ            R0, [SP, #4]
   81 000000C4 F04F 0901       MOVEQ            R9, #1
   82 000000C8 F04F 0A00       MOVEQ            R10, #0
   83 000000CC         
   84 000000CC 45B0            CMP              R8, R6
   85 000000CE BF04 F04F 
              0901             MOVEQ            R9, #1
   86 000000D4 F04F 0A00       MOVEQ            R10, #0
   87 000000D8         
   88 000000D8 F1A1 0101       SUB              R1, R1, #1
   89 000000DC 2900            CMP              R1, #0
   90 000000DE         
   91 000000DE DAA0            BGE              loop
   92 000000E0         
   93 000000E0 E92D 5FFF       STMFD            SP!, {R0-R12, LR}
   94 000000E4 F7FF FFFE       BL               store
   95 000000E8 E8BD 5FFF       LDMFD            SP!, {R0-R12, LR}
   96 000000EC F1A3 0301       SUB              R3, R3, #1
   97 000000F0         
   98 000000F0 9001            STR              R0, [SP, #4]
   99 000000F2 EBAB 0903       SUB              R9, R11, R3
  100 000000F6 4648            MOV              R0, R9
  101 000000F8 B51F            STMFD            SP!, {R0-R4, LR}
  102 000000FA 47E0            BLX              R12
  103 000000FC E8BD 401F       LDMFD            SP!, {R0-R4, LR}
  104 00000100 9801            LDR              R0, [SP, #4]
  105 00000102         
  106 00000102 E92D 5FFF       STMFD            SP!, {R0-R12, LR}



ARM Macro Assembler    Page 3 


  107 00000106 F04F 00FF       MOV              R0, #255
  108 0000010A 47E0            BLX              R12
  109 0000010C E8BD 5FFF       LDMFD            SP!, {R0-R12, LR}
  110 00000110         
  111 00000110 4658            MOV              R0, R11
  112 00000112 F100 0001       ADD              R0, R0, #1
  113 00000116 B470            STMFD            SP!, {R4-R6}
  114 00000118 4770            BX               LR
  115 0000011A         
  116 0000011A                 ENDP
  117 0000011A                 END
              00 00 00000000 
              00000000 
Command Line: --debug --xref --diag_suppress=9931 --cpu=Cortex-M3 --apcs=interw
ork --depend=.\translate_1.d -o.\translate_1.o -I.\RTE\_Target_1 -IC:\Users\gra
zi\AppData\Local\Arm\Packs\ARM\CMSIS\5.9.0\CMSIS\Core\Include -IC:\Users\grazi\
AppData\Local\Arm\Packs\Keil\LPC1700_DFP\2.7.1\Device\Include --predefine="__EV
AL SETA 1" --predefine="__UVISION_VERSION SETA 538" --predefine="_RTE_ SETA 1" 
--predefine="LPC175x_6x SETA 1" --predefine="_RTE_ SETA 1" --list=.\translate.l
st translate.s



ARM Macro Assembler    Page 1 Alphabetic symbol ordering
Relocatable symbols

loop 00000022

Symbol: loop
   Definitions
      At line 25 in file translate.s
   Uses
      At line 91 in file translate.s
Comment: loop used once
store 00000000

Symbol: store
   Definitions
      At line 4 in file translate.s
   Uses
      At line 41 in file translate.s
      At line 58 in file translate.s
      At line 94 in file translate.s

translate 0000000A

Symbol: translate
   Definitions
      At line 14 in file translate.s
   Uses
      At line 2 in file translate.s
Comment: translate used once
translate_func 00000000

Symbol: translate_func
   Definitions
      At line 1 in file translate.s
   Uses
      None
Comment: translate_func unused
4 symbols



ARM Macro Assembler    Page 1 Alphabetic symbol ordering
External symbols

LED_Out 00000000

Symbol: LED_Out
   Definitions
      At line 16 in file translate.s
   Uses
      At line 17 in file translate.s
Comment: LED_Out used once
_table 00000000

Symbol: _table
   Definitions
      At line 5 in file translate.s
      At line 15 in file translate.s
   Uses
      At line 7 in file translate.s
Warning: _table multiply definedComment: _table used once
2 symbols
342 symbols in table
